{"C:\\Users\\city\\Desktop\\JS-Capstone-1\\src\\modules\\counter.js": {"path":"C:\\Users\\city\\Desktop\\JS-Capstone-1\\src\\modules\\counter.js","all":false,"statementMap":{"0":{"start":{"line":1,"column":0},"end":{"line":1,"column":19}},"1":{"start":{"line":2,"column":0},"end":{"line":2,"column":0}},"2":{"start":{"line":3,"column":0},"end":{"line":3,"column":34}},"3":{"start":{"line":4,"column":0},"end":{"line":4,"column":48}},"4":{"start":{"line":5,"column":0},"end":{"line":5,"column":36}},"5":{"start":{"line":6,"column":0},"end":{"line":6,"column":2}},"6":{"start":{"line":7,"column":0},"end":{"line":7,"column":27}}},"s":{"0":1,"1":1,"2":1,"3":1,"4":1,"5":1,"6":1},"branchMap":{"0":{"type":"branch","line":3,"loc":{"start":{"line":3,"column":21},"end":{"line":6,"column":2}},"locations":[{"start":{"line":3,"column":21},"end":{"line":6,"column":2}}]}},"b":{"0":[1]},"fnMap":{"0":{"name":"cardCounter","decl":{"start":{"line":3,"column":21},"end":{"line":6,"column":2}},"loc":{"start":{"line":3,"column":21},"end":{"line":6,"column":2}},"line":3}},"f":{"0":1}}
}
