{"C:\\Users\\juand\\Desktop\\Microverse\\JS AND NETWORKING\\Mod5\\JS-Capstone\\src\\modules\\reservationsCounter.js": {"path":"C:\\Users\\juand\\Desktop\\Microverse\\JS AND NETWORKING\\Mod5\\JS-Capstone\\src\\modules\\reservationsCounter.js","statementMap":{"0":{"start":{"line":1,"column":26},"end":{"line":9,"column":1}},"1":{"start":{"line":2,"column":32},"end":{"line":2,"column":76}},"2":{"start":{"line":3,"column":26},"end":{"line":3,"column":27}},"3":{"start":{"line":4,"column":2},"end":{"line":6,"column":3}},"4":{"start":{"line":5,"column":4},"end":{"line":5,"column":62}},"5":{"start":{"line":7,"column":35},"end":{"line":7,"column":80}},"6":{"start":{"line":8,"column":2},"end":{"line":8,"column":59}}},"fnMap":{"0":{"name":"(anonymous_0)","decl":{"start":{"line":1,"column":26},"end":{"line":1,"column":27}},"loc":{"start":{"line":1,"column":32},"end":{"line":9,"column":1}},"line":1}},"branchMap":{"0":{"loc":{"start":{"line":4,"column":2},"end":{"line":6,"column":3}},"type":"if","locations":[{"start":{"line":4,"column":2},"end":{"line":6,"column":3}},{"start":{},"end":{}}],"line":4}},"s":{"0":1,"1":2,"2":2,"3":2,"4":1,"5":2,"6":2},"f":{"0":2},"b":{"0":[1,1]},"_coverageSchema":"1a1c01bbd47fc00a2c39e90264f33305004495a9","hash":"2efe9d41655bf3735c5ff8f941d78c2ba4c5a9c9"}
}
